#
# A fatal error has been detected by the Java Runtime Environment:
#
#  EXCEPTION_ACCESS_VIOLATION (0xc0000005) at pc=0x00000000745aa940, pid=1484, tid=0x0000000000001300
#
# JRE version: OpenJDK Runtime Environment (8.0_152-b01) (build 1.8.0_152-release-1343-b01)
# Java VM: OpenJDK 64-Bit Server VM (25.152-b01 mixed mode windows-amd64 compressed oops)
# Problematic frame:
# V  [jvm.dll+0x8a940]
#
# Failed to write core dump. Minidumps are not enabled by default on client versions of Windows
#
# If you would like to submit a bug report, please visit:
#   http://bugreport.java.com/bugreport/crash.jsp
#

---------------  T H R E A D  ---------------

Current thread (0x000000000218c000):  GCTaskThread [stack: 0x0000000012440000,0x0000000012540000] [id=4864]

siginfo: ExceptionCode=0xc0000005, reading address 0x0000000003400220

Registers:
RAX=0x0000000000000002, RBX=0x00000007883f15c8, RCX=0x00000007883f15c8, RDX=0x0000000003400218
RSP=0x000000001253f748, RBP=0x00000000119d3c81, RSI=0x00000000198967c0, RDI=0x000000070078b470
R8 =0x00000000198967c0, R9 =0x0000000000000007, R10=0x0000000000000008, R11=0x000000078d07fff0
R12=0x00000000119d3c17, R13=0x0065006c00750052, R14=0x0000000000000000, R15=0x0000000002185dc0
RIP=0x00000000745aa940, EFLAGS=0x0000000000010206

Top of Stack: (sp=0x000000001253f748)
0x000000001253f748:   00000000748eca32 00000007883f1530
0x000000001253f758:   0000000000000003 00000000198967c0
0x000000001253f768:   0000000000000004 000000078d078000
0x000000001253f778:   0000000000001000 00000000198967c0
0x000000001253f788:   000000007460d903 0000000000000000
0x000000001253f798:   0000000019896700 00000000119d3c17
0x000000001253f7a8:   00000000748ecda0 000000078d078a94
0x000000001253f7b8:   00000000119d3c81 00000000198967c0
0x000000001253f7c8:   000000070078b470 000000078d078a94
0x000000001253f7d8:   00000000748ed945 000000078264d910
0x000000001253f7e8:   00000000119d3681 00000000198967c0
0x000000001253f7f8:   0000000000000003 00000000198967c0
0x000000001253f808:   00000000198967c0 00000007006cfe24
0x000000001253f818:   000000007460f747 00000000198967c0
0x000000001253f828:   000000007460d903 000000070078b311
0x000000001253f838:   000000070078b311 00000007007832c8 

Instructions: (pc=0x00000000745aa940)
0x00000000745aa920:   ac 50 1d 00 48 8b 9c 24 c0 00 00 00 48 81 c4 b0
0x00000000745aa930:   00 00 00 5d c3 cc cc cc cc cc cc cc cc cc cc cc
0x00000000745aa940:   44 8b 42 08 4c 8b ca 45 85 c0 7e 0e 41 f6 c0 01
0x00000000745aa950:   75 57 41 c1 f8 03 41 8b c0 c3 79 4d 80 3d 9e 10 


Register to memory mapping:

RAX=0x0000000000000002 is an unknown value
RBX=0x00000007883f15c8 is an oop

[error occurred during error reporting (printing register info), id 0xc0000005]

Stack: [0x0000000012440000,0x0000000012540000],  sp=0x000000001253f748,  free space=1021k
Native frames: (J=compiled Java code, j=interpreted, Vv=VM code, C=native code)
V  [jvm.dll+0x8a940]


---------------  P R O C E S S  ---------------

Java Threads: ( => current thread )
  0x000000001cf8e800 JavaThread "Build operations Thread 4" [_thread_blocked, id=1276, stack(0x00000000250e0000,0x00000000251e0000)]
  0x000000001cf8d800 JavaThread "Build operations Thread 3" [_thread_blocked, id=2664, stack(0x0000000025310000,0x0000000025410000)]
  0x000000001cf8d000 JavaThread "Build operations Thread 2" [_thread_blocked, id=1556, stack(0x00000000251f0000,0x00000000252f0000)]
  0x000000001cf8c000 JavaThread "Build operations" [_thread_blocked, id=3852, stack(0x0000000024f80000,0x0000000025080000)]
  0x000000001cf8a000 JavaThread "Cache worker for execution history cache (C:\Users\MJRamirez\.gradle\caches\5.1.1\executionHistory)" [_thread_blocked, id=4104, stack(0x00000000237a0000,0x00000000238a0000)]
  0x000000001cf89000 JavaThread "Cache worker for cache directory md-rule (C:\Users\MJRamirez\.gradle\caches\5.1.1\md-rule)" [_thread_blocked, id=4464, stack(0x0000000023430000,0x0000000023530000)]
  0x000000001cf88800 JavaThread "Cache worker for cache directory md-supplier (C:\Users\MJRamirez\.gradle\caches\5.1.1\md-supplier)" [_thread_blocked, id=4272, stack(0x000000001f9c0000,0x000000001fac0000)]
  0x000000001cf84000 JavaThread "Cache worker for file hash cache (D:\Android Projects\Sample SmartPen\.gradle\5.1.1\fileHashes)" [_thread_blocked, id=2504, stack(0x0000000020ab0000,0x0000000020bb0000)]
  0x000000001cf83000 JavaThread "Cache worker for journal cache (C:\Users\MJRamirez\.gradle\caches\journal-1)" [_thread_blocked, id=3564, stack(0x000000001d630000,0x000000001d730000)]
  0x000000001d040800 JavaThread "File lock request listener" [_thread_in_native, id=3748, stack(0x000000001c2c0000,0x000000001c3c0000)]
  0x000000001ced0000 JavaThread "Cache worker for file hash cache (C:\Users\MJRamirez\.gradle\caches\5.1.1\fileHashes)" [_thread_blocked, id=4960, stack(0x000000001e6b0000,0x000000001e7b0000)]
  0x000000001cd7c000 JavaThread "Thread-8" [_thread_blocked, id=4916, stack(0x000000001e1a0000,0x000000001e2a0000)]
  0x000000001cd7d800 JavaThread "Stdin handler" [_thread_blocked, id=3040, stack(0x000000001e4a0000,0x000000001e5a0000)]
  0x000000001cdb2800 JavaThread "Asynchronous log dispatcher for DefaultDaemonConnection: socket connection from /127.0.0.1:49563 to /127.0.0.1:49564" [_thread_blocked, id=4456, stack(0x000000001e2e0000,0x000000001e3e0000)]
  0x000000001ceb1000 JavaThread "Daemon worker" [_thread_blocked, id=4372, stack(0x000000001d950000,0x000000001da50000)]
  0x000000001cd63000 JavaThread "Cancel handler" [_thread_blocked, id=1604, stack(0x000000001e090000,0x000000001e190000)]
  0x000000001cd56000 JavaThread "Handler for socket connection from /127.0.0.1:49563 to /127.0.0.1:49564" [_thread_in_native, id=2344, stack(0x000000001dd60000,0x000000001de60000)]
  0x000000001cd4d000 JavaThread "Daemon" [_thread_blocked, id=776, stack(0x000000001dc00000,0x000000001dd00000)]
  0x000000001ce59000 JavaThread "Daemon periodic checks" [_thread_blocked, id=4852, stack(0x000000001dac0000,0x000000001dbc0000)]
  0x000000001ce58800 JavaThread "Incoming local TCP Connector on port 49563" [_thread_in_native, id=3692, stack(0x000000001d840000,0x000000001d940000)]
  0x000000001ae83000 JavaThread "Service Thread" daemon [_thread_blocked, id=4472, stack(0x000000001b6b0000,0x000000001b7b0000)]
  0x000000001ae0a800 JavaThread "C1 CompilerThread2" daemon [_thread_blocked, id=788, stack(0x000000001b810000,0x000000001b910000)]
  0x000000001ae01800 JavaThread "C2 CompilerThread1" daemon [_thread_in_native, id=4920, stack(0x000000001b590000,0x000000001b690000)]
  0x000000001adeb000 JavaThread "C2 CompilerThread0" daemon [_thread_blocked, id=3244, stack(0x000000001abb0000,0x000000001acb0000)]
  0x000000001ade9800 JavaThread "Attach Listener" daemon [_thread_blocked, id=4256, stack(0x000000001b3f0000,0x000000001b4f0000)]
  0x000000001ade8800 JavaThread "Signal Dispatcher" daemon [_thread_blocked, id=3752, stack(0x000000001b240000,0x000000001b340000)]
  0x00000000198e8800 JavaThread "Finalizer" daemon [_thread_blocked, id=2188, stack(0x000000001ace0000,0x000000001ade0000)]
  0x00000000198a1000 JavaThread "Reference Handler" daemon [_thread_blocked, id=4624, stack(0x000000001aa30000,0x000000001ab30000)]
  0x00000000022df000 JavaThread "main" [_thread_blocked, id=3408, stack(0x0000000002510000,0x0000000002610000)]

Other Threads:
  0x0000000019899800 VMThread [stack: 0x000000001a920000,0x000000001aa20000] [id=4528]
  0x000000001ae85000 WatcherThread [stack: 0x000000001b9c0000,0x000000001bac0000] [id=3724]

=>0x000000000218c000 (exited) GCTaskThread [stack: 0x0000000012440000,0x0000000012540000] [id=4864]

VM state:at safepoint (normal execution)

VM Mutex/Monitor currently owned by a thread:  ([mutex/lock_event])
[0x00000000022dcb30] Threads_lock - owner thread: 0x0000000019899800
[0x00000000022dd030] Heap_lock - owner thread: 0x000000001ceb1000

Heap:
 PSYoungGen      total 138240K, used 64951K [0x0000000780000000, 0x000000078de00000, 0x00000007c0000000)
  eden space 133120K, 44% used [0x0000000780000000,0x0000000783a6f698,0x0000000788200000)
  from space 5120K, 99% used [0x0000000788200000,0x00000007886fe880,0x0000000788700000)
  to   space 16896K, 41% used [0x000000078cd80000,0x000000078d460000,0x000000078de00000)
 ParOldGen       total 69120K, used 20281K [0x0000000700000000, 0x0000000704380000, 0x0000000780000000)
  object space 69120K, 29% used [0x0000000700000000,0x00000007013ce4d8,0x0000000704380000)
 Metaspace       used 34630K, capacity 35476K, committed 35496K, reserved 1079296K
  class space    used 4780K, capacity 5018K, committed 5032K, reserved 1048576K

Card table byte_map: [0x00000000119d0000,0x0000000011fe0000] byte_map_base: 0x000000000e1d0000

Marking Bits: (ParMarkBitMap*) 0x0000000074ce5aa0
 Begin Bits: [0x0000000012910000, 0x0000000015910000)
 End Bits:   [0x0000000015910000, 0x0000000018910000)

Polling page: 0x0000000000110000

CodeCache: size=245760Kb used=10797Kb max_used=10805Kb free=234962Kb
 bounds [0x0000000002610000, 0x00000000030b0000, 0x0000000011610000]
 total_blobs=3877 nmethods=3185 adapters=606
 compilation: enabled

Compilation events (10 events):
Event: 4.465 Thread 0x000000001ae0a800 nmethod 3240 0x000000000309cb50 code [0x000000000309cd00, 0x000000000309d2a8]
Event: 4.466 Thread 0x000000001ae0a800 3241       3       com.google.common.collect.MapMakerInternalMap$Segment::getLiveEntry (7 bytes)
Event: 4.466 Thread 0x000000001ae0a800 nmethod 3241 0x000000000309c710 code [0x000000000309c880, 0x000000000309ca88]
Event: 4.473 Thread 0x000000001adeb000 nmethod 3223 0x000000000309a750 code [0x000000000309a8a0, 0x000000000309adb8]
Event: 4.473 Thread 0x000000001adeb000 3238       4       java.util.WeakHashMap::put (162 bytes)
Event: 4.479 Thread 0x000000001adeb000 nmethod 3238 0x00000000030a2b50 code [0x00000000030a2cc0, 0x00000000030a3158]
Event: 4.479 Thread 0x000000001adeb000 3229       4       sun.reflect.ClassFileAssembler::cpi (22 bytes)
Event: 4.480 Thread 0x000000001adeb000 nmethod 3229 0x0000000003083190 code [0x00000000030832c0, 0x0000000003083338]
Event: 4.480 Thread 0x000000001ae0a800 3242       3       java.util.concurrent.atomic.AtomicReferenceArray::checkedByteOffset (45 bytes)
Event: 4.481 Thread 0x000000001ae0a800 nmethod 3242 0x000000000309b810 code [0x000000000309ba00, 0x000000000309c2f8]

GC Heap History (10 events):
Event: 0.997 GC heap after
Heap after GC invocations=2 (full 0):
 PSYoungGen      total 71680K, used 4634K [0x0000000780000000, 0x0000000784b00000, 0x00000007c0000000)
  eden space 66560K, 0% used [0x0000000780000000,0x0000000780000000,0x0000000784100000)
  from space 5120K, 90% used [0x0000000784600000,0x0000000784a86808,0x0000000784b00000)
  to   space 5120K, 0% used [0x0000000784100000,0x0000000784100000,0x0000000784600000)
 ParOldGen       total 87552K, used 16K [0x0000000700000000, 0x0000000705580000, 0x0000000780000000)
  object space 87552K, 0% used [0x0000000700000000,0x0000000700004000,0x0000000705580000)
 Metaspace       used 8770K, capacity 8962K, committed 9216K, reserved 1056768K
  class space    used 1133K, capacity 1191K, committed 1280K, reserved 1048576K
}
Event: 1.819 GC heap before
{Heap before GC invocations=3 (full 0):
 PSYoungGen      total 71680K, used 71194K [0x0000000780000000, 0x0000000784b00000, 0x00000007c0000000)
  eden space 66560K, 100% used [0x0000000780000000,0x0000000784100000,0x0000000784100000)
  from space 5120K, 90% used [0x0000000784600000,0x0000000784a86808,0x0000000784b00000)
  to   space 5120K, 0% used [0x0000000784100000,0x0000000784100000,0x0000000784600000)
 ParOldGen       total 87552K, used 16K [0x0000000700000000, 0x0000000705580000, 0x0000000780000000)
  object space 87552K, 0% used [0x0000000700000000,0x0000000700004000,0x0000000705580000)
 Metaspace       used 15575K, capacity 16004K, committed 16256K, reserved 1062912K
  class space    used 2212K, capacity 2360K, committed 2432K, reserved 1048576K
Event: 1.837 GC heap after
Heap after GC invocations=3 (full 0):
 PSYoungGen      total 71680K, used 5097K [0x0000000780000000, 0x0000000788c00000, 0x00000007c0000000)
  eden space 66560K, 0% used [0x0000000780000000,0x0000000780000000,0x0000000784100000)
  from space 5120K, 99% used [0x0000000784100000,0x00000007845fa630,0x0000000784600000)
  to   space 5120K, 0% used [0x0000000788700000,0x0000000788700000,0x0000000788c00000)
 ParOldGen       total 87552K, used 5508K [0x0000000700000000, 0x0000000705580000, 0x0000000780000000)
  object space 87552K, 6% used [0x0000000700000000,0x00000007005613d8,0x0000000705580000)
 Metaspace       used 15575K, capacity 16004K, committed 16256K, reserved 1062912K
  class space    used 2212K, capacity 2360K, committed 2432K, reserved 1048576K
}
Event: 2.401 GC heap before
{Heap before GC invocations=4 (full 0):
 PSYoungGen      total 71680K, used 52320K [0x0000000780000000, 0x0000000788c00000, 0x00000007c0000000)
  eden space 66560K, 70% used [0x0000000780000000,0x0000000782e1da78,0x0000000784100000)
  from space 5120K, 99% used [0x0000000784100000,0x00000007845fa630,0x0000000784600000)
  to   space 5120K, 0% used [0x0000000788700000,0x0000000788700000,0x0000000788c00000)
 ParOldGen       total 87552K, used 5508K [0x0000000700000000, 0x0000000705580000, 0x0000000780000000)
  object space 87552K, 6% used [0x0000000700000000,0x00000007005613d8,0x0000000705580000)
 Metaspace       used 20671K, capacity 21132K, committed 21296K, reserved 1067008K
  class space    used 2906K, capacity 3093K, committed 3200K, reserved 1048576K
Event: 2.430 GC heap after
Heap after GC invocations=4 (full 0):
 PSYoungGen      total 138240K, used 5117K [0x0000000780000000, 0x0000000788c00000, 0x00000007c0000000)
  eden space 133120K, 0% used [0x0000000780000000,0x0000000780000000,0x0000000788200000)
  from space 5120K, 99% used [0x0000000788700000,0x0000000788bff650,0x0000000788c00000)
  to   space 5120K, 0% used [0x0000000788200000,0x0000000788200000,0x0000000788700000)
 ParOldGen       total 87552K, used 11303K [0x0000000700000000, 0x0000000705580000, 0x0000000780000000)
  object space 87552K, 12% used [0x0000000700000000,0x0000000700b09f78,0x0000000705580000)
 Metaspace       used 20671K, capacity 21132K, committed 21296K, reserved 1067008K
  class space    used 2906K, capacity 3093K, committed 3200K, reserved 1048576K
}
Event: 2.430 GC heap before
{Heap before GC invocations=5 (full 1):
 PSYoungGen      total 138240K, used 5117K [0x0000000780000000, 0x0000000788c00000, 0x00000007c0000000)
  eden space 133120K, 0% used [0x0000000780000000,0x0000000780000000,0x0000000788200000)
  from space 5120K, 99% used [0x0000000788700000,0x0000000788bff650,0x0000000788c00000)
  to   space 5120K, 0% used [0x0000000788200000,0x0000000788200000,0x0000000788700000)
 ParOldGen       total 87552K, used 11303K [0x0000000700000000, 0x0000000705580000, 0x0000000780000000)
  object space 87552K, 12% used [0x0000000700000000,0x0000000700b09f78,0x0000000705580000)
 Metaspace       used 20671K, capacity 21132K, committed 21296K, reserved 1067008K
  class space    used 2906K, capacity 3093K, committed 3200K, reserved 1048576K
Event: 2.492 GC heap after
Heap after GC invocations=5 (full 1):
 PSYoungGen      total 138240K, used 0K [0x0000000780000000, 0x0000000788c00000, 0x00000007c0000000)
  eden space 133120K, 0% used [0x0000000780000000,0x0000000780000000,0x0000000788200000)
  from space 5120K, 0% used [0x0000000788700000,0x0000000788700000,0x0000000788c00000)
  to   space 5120K, 0% used [0x0000000788200000,0x0000000788200000,0x0000000788700000)
 ParOldGen       total 69120K, used 11131K [0x0000000700000000, 0x0000000704380000, 0x0000000780000000)
  object space 69120K, 16% used [0x0000000700000000,0x0000000700aded20,0x0000000704380000)
 Metaspace       used 20671K, capacity 21132K, committed 21296K, reserved 1067008K
  class space    used 2906K, capacity 3093K, committed 3200K, reserved 1048576K
}
Event: 3.894 GC heap before
{Heap before GC invocations=6 (full 1):
 PSYoungGen      total 138240K, used 133120K [0x0000000780000000, 0x0000000788c00000, 0x00000007c0000000)
  eden space 133120K, 100% used [0x0000000780000000,0x0000000788200000,0x0000000788200000)
  from space 5120K, 0% used [0x0000000788700000,0x0000000788700000,0x0000000788c00000)
  to   space 5120K, 0% used [0x0000000788200000,0x0000000788200000,0x0000000788700000)
 ParOldGen       total 69120K, used 11131K [0x0000000700000000, 0x0000000704380000, 0x0000000780000000)
  object space 69120K, 16% used [0x0000000700000000,0x0000000700aded20,0x0000000704380000)
 Metaspace       used 32029K, capacity 32738K, committed 32896K, reserved 1077248K
  class space    used 4393K, capacity 4618K, committed 4736K, reserved 1048576K
Event: 3.907 GC heap after
Heap after GC invocations=6 (full 1):
 PSYoungGen      total 138240K, used 5114K [0x0000000780000000, 0x000000078de00000, 0x00000007c0000000)
  eden space 133120K, 0% used [0x0000000780000000,0x0000000780000000,0x0000000788200000)
  from space 5120K, 99% used [0x0000000788200000,0x00000007886fe880,0x0000000788700000)
  to   space 16896K, 0% used [0x000000078cd80000,0x000000078cd80000,0x000000078de00000)
 ParOldGen       total 69120K, used 20273K [0x0000000700000000, 0x0000000704380000, 0x0000000780000000)
  object space 69120K, 29% used [0x0000000700000000,0x00000007013cc4d8,0x0000000704380000)
 Metaspace       used 32029K, capacity 32738K, committed 32896K, reserved 1077248K
  class space    used 4393K, capacity 4618K, committed 4736K, reserved 1048576K
}
Event: 4.482 GC heap before
{Heap before GC invocations=7 (full 1):
 PSYoungGen      total 138240K, used 64951K [0x0000000780000000, 0x000000078de00000, 0x00000007c0000000)
  eden space 133120K, 44% used [0x0000000780000000,0x0000000783a6f698,0x0000000788200000)
  from space 5120K, 99% used [0x0000000788200000,0x00000007886fe880,0x0000000788700000)
  to   space 16896K, 0% used [0x000000078cd80000,0x000000078cd80000,0x000000078de00000)
 ParOldGen       total 69120K, used 20273K [0x0000000700000000, 0x0000000704380000, 0x0000000780000000)
  object space 69120K, 29% used [0x0000000700000000,0x00000007013cc4d8,0x0000000704380000)
 Metaspace       used 34630K, capacity 35476K, committed 35496K, reserved 1079296K
  class space    used 4780K, capacity 5018K, committed 5032K, reserved 1048576K

Deoptimization events (10 events):
Event: 3.687 Thread 0x000000001ceb1000 Uncommon trap: reason=unstable_if action=reinterpret pc=0x0000000002a62a00 method=java.util.HashMap.putVal(ILjava/lang/Object;Ljava/lang/Object;ZZ)Ljava/lang/Object; @ 85
Event: 3.921 Thread 0x000000001ceb1000 Uncommon trap: reason=unstable_if action=reinterpret pc=0x0000000002eac36c method=java.net.URLStreamHandler.sameFile(Ljava/net/URL;Ljava/net/URL;)Z @ 63
Event: 3.970 Thread 0x000000001ceb1000 Uncommon trap: reason=unstable_if action=reinterpret pc=0x0000000002efc84c method=java.lang.reflect.Method.isDefault()Z @ 19
Event: 3.970 Thread 0x000000001ceb1000 Uncommon trap: reason=unstable_if action=reinterpret pc=0x0000000002e49c7c method=java.lang.reflect.Method.isDefault()Z @ 19
Event: 4.033 Thread 0x000000001ceb1000 Uncommon trap: reason=unstable_if action=reinterpret pc=0x0000000002ec33e0 method=java.net.URI.match(CJJ)Z @ 45
Event: 4.223 Thread 0x000000001cf8d800 Uncommon trap: reason=unstable_if action=reinterpret pc=0x0000000002bbb640 method=java.util.concurrent.ConcurrentHashMap.putVal(Ljava/lang/Object;Ljava/lang/Object;Z)Ljava/lang/Object; @ 98
Event: 4.235 Thread 0x000000001cf8c000 Uncommon trap: reason=unstable_if action=reinterpret pc=0x0000000002a90858 method=java.util.concurrent.ConcurrentHashMap.addCount(JI)V @ 168
Event: 4.236 Thread 0x000000001cf8c000 Uncommon trap: reason=unstable_if action=reinterpret pc=0x0000000002f02090 method=java.util.concurrent.ConcurrentHashMap.get(Ljava/lang/Object;)Ljava/lang/Object; @ 86
Event: 4.240 Thread 0x000000001cf8c000 Uncommon trap: reason=unstable_if action=reinterpret pc=0x0000000002aa6d64 method=java.util.concurrent.ConcurrentHashMap.transfer([Ljava/util/concurrent/ConcurrentHashMap$Node;[Ljava/util/concurrent/ConcurrentHashMap$Node;)V @ 34
Event: 4.354 Thread 0x000000001ceb1000 Uncommon trap: reason=range_check action=make_not_entrant pc=0x0000000002fc5100 method=java.lang.String.charAt(I)C @ 27

Classes redefined (0 events):
No events

Internal exceptions (10 events):
Event: 4.417 Thread 0x000000001ceb1000 Exception <a 'java/lang/ClassNotFoundException': org/gradle/api/internal/ConventionTaskBeanInfo> (0x000000078323d100) thrown at [D:\src\AOSP-openjdk-cygwin\jdk8u\hotspot\src\share\vm\classfile\systemDictionary.cpp, line 210]
Event: 4.417 Thread 0x000000001ceb1000 Exception <a 'java/lang/ClassNotFoundException': org/gradle/api/DefaultTaskBeanInfo> (0x0000000783264cd8) thrown at [D:\src\AOSP-openjdk-cygwin\jdk8u\hotspot\src\share\vm\classfile\systemDictionary.cpp, line 210]
Event: 4.418 Thread 0x000000001ceb1000 Exception <a 'java/lang/ClassNotFoundException': org/gradle/api/internal/AbstractTaskBeanInfo> (0x0000000783293ed0) thrown at [D:\src\AOSP-openjdk-cygwin\jdk8u\hotspot\src\share\vm\classfile\systemDictionary.cpp, line 210]
Event: 4.419 Thread 0x000000001ceb1000 Exception <a 'java/lang/ClassNotFoundException': org/gradle/api/internal/AbstractTaskCustomizer> (0x00000007832c43f0) thrown at [D:\src\AOSP-openjdk-cygwin\jdk8u\hotspot\src\share\vm\classfile\systemDictionary.cpp, line 210]
Event: 4.422 Thread 0x000000001ceb1000 Exception <a 'java/lang/ClassNotFoundException': org/gradle/api/DefaultTaskCustomizer> (0x000000078334e438) thrown at [D:\src\AOSP-openjdk-cygwin\jdk8u\hotspot\src\share\vm\classfile\systemDictionary.cpp, line 210]
Event: 4.423 Thread 0x000000001ceb1000 Exception <a 'java/lang/ClassNotFoundException': org/gradle/api/internal/ConventionTaskCustomizer> (0x000000078338da88) thrown at [D:\src\AOSP-openjdk-cygwin\jdk8u\hotspot\src\share\vm\classfile\systemDictionary.cpp, line 210]
Event: 4.424 Thread 0x000000001ceb1000 Exception <a 'java/lang/ClassNotFoundException': org/gradle/api/tasks/DeleteCustomizer> (0x00000007833c9b80) thrown at [D:\src\AOSP-openjdk-cygwin\jdk8u\hotspot\src\share\vm\classfile\systemDictionary.cpp, line 210]
Event: 4.425 Thread 0x000000001ceb1000 Exception <a 'java/lang/ClassNotFoundException': org/gradle/api/tasks/Delete_DecoratedCustomizer> (0x0000000783412a10) thrown at [D:\src\AOSP-openjdk-cygwin\jdk8u\hotspot\src\share\vm\classfile\systemDictionary.cpp, line 210]
Event: 4.440 Thread 0x000000001ceb1000 Exception <a 'java/lang/ClassNotFoundException': build_2f81hcphlpi1dqi7rz33a1xcjBeanInfo> (0x00000007835325e0) thrown at [D:\src\AOSP-openjdk-cygwin\jdk8u\hotspot\src\share\vm\classfile\systemDictionary.cpp, line 210]
Event: 4.440 Thread 0x000000001ceb1000 Exception <a 'java/lang/ClassNotFoundException': build_2f81hcphlpi1dqi7rz33a1xcjCustomizer> (0x000000078353d878) thrown at [D:\src\AOSP-openjdk-cygwin\jdk8u\hotspot\src\share\vm\classfile\systemDictionary.cpp, line 210]

Events (10 events):
Event: 4.479 loading class com/google/common/base/Splitter$SplittingIterator done
Event: 4.480 loading class com/google/common/base/AbstractIterator
Event: 4.480 loading class com/google/common/base/AbstractIterator done
Event: 4.480 loading class com/google/common/base/Splitter$1$1
Event: 4.480 loading class com/google/common/base/Splitter$1$1 done
Event: 4.480 loading class com/google/common/base/Splitter$5
Event: 4.480 loading class com/google/common/base/Splitter$5 done
Event: 4.481 loading class com/google/common/collect/Lists
Event: 4.481 loading class com/google/common/collect/Lists done
Event: 4.481 Executing VM operation: CollectForMetadataAllocation


Dynamic libraries:
0x000000013f6f0000 - 0x000000013f721000 	D:\Android Studio\jre\bin\java.exe
0x0000000077750000 - 0x00000000778ef000 	C:\Windows\SYSTEM32\ntdll.dll
0x0000000077530000 - 0x000000007764f000 	C:\Windows\system32\kernel32.dll
0x000007fefd4e0000 - 0x000007fefd54a000 	C:\Windows\system32\KERNELBASE.dll
0x000007feff7d0000 - 0x000007feff8ab000 	C:\Windows\system32\ADVAPI32.dll
0x000007fefdda0000 - 0x000007fefde3f000 	C:\Windows\system32\msvcrt.dll
0x000007fefde80000 - 0x000007fefde9f000 	C:\Windows\SYSTEM32\sechost.dll
0x000007fefdc70000 - 0x000007fefdd9d000 	C:\Windows\system32\RPCRT4.dll
0x0000000077650000 - 0x000000007774a000 	C:\Windows\system32\USER32.dll
0x000007fefe540000 - 0x000007fefe5a7000 	C:\Windows\system32\GDI32.dll
0x000007fefde70000 - 0x000007fefde7e000 	C:\Windows\system32\LPK.dll
0x000007fefe470000 - 0x000007fefe53b000 	C:\Windows\system32\USP10.dll
0x000007fefba90000 - 0x000007fefbc84000 	C:\Windows\WinSxS\amd64_microsoft.windows.common-controls_6595b64144ccf1df_6.0.7601.18837_none_fa3b1e3d17594757\COMCTL32.dll
0x000007fefdef0000 - 0x000007fefdf61000 	C:\Windows\system32\SHLWAPI.dll
0x000007fefde40000 - 0x000007fefde6e000 	C:\Windows\system32\IMM32.DLL
0x000007fefe180000 - 0x000007fefe289000 	C:\Windows\system32\MSCTF.dll
0x0000000074440000 - 0x0000000074512000 	D:\Android Studio\jre\jre\bin\msvcr100.dll
0x0000000074520000 - 0x0000000074d61000 	D:\Android Studio\jre\jre\bin\server\jvm.dll
0x000007fefa290000 - 0x000007fefa299000 	C:\Windows\system32\WSOCK32.dll
0x000007fefdea0000 - 0x000007fefdeed000 	C:\Windows\system32\WS2_32.dll
0x000007fefe170000 - 0x000007fefe178000 	C:\Windows\system32\NSI.dll
0x000007fefb260000 - 0x000007fefb29b000 	C:\Windows\system32\WINMM.dll
0x000007fefc4e0000 - 0x000007fefc4ec000 	C:\Windows\system32\VERSION.dll
0x00000000778f0000 - 0x00000000778f7000 	C:\Windows\system32\PSAPI.DLL
0x000007fefa930000 - 0x000007fefa93f000 	D:\Android Studio\jre\jre\bin\verify.dll
0x000007feeb4f0000 - 0x000007feeb519000 	D:\Android Studio\jre\jre\bin\java.dll
0x000007feeb4d0000 - 0x000007feeb4e6000 	D:\Android Studio\jre\jre\bin\zip.dll
0x000007fefe650000 - 0x000007feff3db000 	C:\Windows\system32\SHELL32.dll
0x000007fefdf70000 - 0x000007fefe16d000 	C:\Windows\system32\ole32.dll
0x000007fefd420000 - 0x000007fefd42f000 	C:\Windows\system32\profapi.dll
0x000007feeb4b0000 - 0x000007feeb4ca000 	D:\Android Studio\jre\jre\bin\net.dll
0x000007fefcbf0000 - 0x000007fefcc45000 	C:\Windows\system32\mswsock.dll
0x000007fefcbe0000 - 0x000007fefcbe7000 	C:\Windows\System32\wship6.dll
0x000007feeb490000 - 0x000007feeb4a1000 	D:\Android Studio\jre\jre\bin\nio.dll
0x000007feeaa70000 - 0x000007feeaa8e000 	C:\Users\MJRamirez\.gradle\native\25\windows-amd64\native-platform.dll
0x000007fefa920000 - 0x000007fefa92d000 	D:\Android Studio\jre\jre\bin\management.dll
0x000007fefcc50000 - 0x000007fefcc68000 	C:\Windows\system32\CRYPTSP.dll
0x000007fefc950000 - 0x000007fefc997000 	C:\Windows\system32\rsaenh.dll
0x000007fefd780000 - 0x000007fefd79e000 	C:\Windows\system32\USERENV.dll
0x000007fefd2c0000 - 0x000007fefd2cf000 	C:\Windows\system32\CRYPTBASE.dll
0x000007fefad90000 - 0x000007fefadb7000 	C:\Windows\system32\IPHLPAPI.DLL
0x000007fefad70000 - 0x000007fefad7b000 	C:\Windows\system32\WINNSI.DLL
0x000007fefa9d0000 - 0x000007fefa9e1000 	C:\Windows\system32\dhcpcsvc6.DLL
0x000007fefa950000 - 0x000007fefa968000 	C:\Windows\system32\dhcpcsvc.DLL
0x000007fee6f40000 - 0x000007fee7065000 	C:\Windows\system32\dbghelp.dll

VM Arguments:
jvm_args: -Xmx3072M -Dfile.encoding=x-windows-949 -Duser.country=US -Duser.language=en -Duser.variant 
java_command: org.gradle.launcher.daemon.bootstrap.GradleDaemon 5.1.1
java_class_path (initial): C:\Users\MJRamirez\.gradle\wrapper\dists\gradle-5.1.1-all\97z1ksx6lirer3kbvdnh7jtjg\gradle-5.1.1\lib\gradle-launcher-5.1.1.jar
Launcher Type: SUN_STANDARD

Environment Variables:
PATH=D:\Embarcadero\Studio\19.0\bin;C:\Users\Public\Documents\Embarcadero\Studio\19.0\Bpl;D:\Embarcadero\Studio\19.0\bin64;C:\Users\Public\Documents\Embarcadero\Studio\19.0\Bpl\Win64;C:\ProgramData\Oracle\Java\javapath;C:\Windows\system32;C:\Windows;C:\Windows\System32\Wbem;C:\Windows\System32\WindowsPowerShell\v1.0\;C:\Program Files\TortoiseSVN\bin;C:\Program Files\Java\jdk1.8.0_161;C:\Users\MJRamirez\android-sdks\platform-tools;C:\xampp\php;C:\Users\MJRamirez\AppData\Local\Android\Sdk\platform-tools;C:\Program Files\Git\cmd;C:\Users\MJRamirez\AppData\Local\GitHubDesktop\bin
USERNAME=MJRamirez
OS=Windows_NT
PROCESSOR_IDENTIFIER=Intel64 Family 6 Model 30 Stepping 5, GenuineIntel



---------------  S Y S T E M  ---------------

OS: Windows 7 , 64 bit Build 7601 (6.1.7601.24117)

CPU:total 4 (initial active 4) (4 cores per cpu, 1 threads per core) family 6 model 30 stepping 5, cmov, cx8, fxsr, mmx, sse, sse2, sse3, ssse3, sse4.1, sse4.2, popcnt, tsc, tscinvbit

Memory: 4k page, physical 8386616k(5192028k free), swap 16771356k(13281840k free)

vm_info: OpenJDK 64-Bit Server VM (25.152-b01) for windows-amd64 JRE (1.8.0_152-release-1343-b01), built by "builder" with MS VC++ 10.0 (VS2010)

time: Tue Aug 13 14:03:07 2019
elapsed time: 4 seconds (0d 0h 0m 4s)

