#
# A fatal error has been detected by the Java Runtime Environment:
#
#  EXCEPTION_ACCESS_VIOLATION (0xc0000005) at pc=0x0000000002d92069, pid=5668, tid=0x00000000000014c4
#
# JRE version: OpenJDK Runtime Environment (8.0_152-b01) (build 1.8.0_152-release-1343-b01)
# Java VM: OpenJDK 64-Bit Server VM (25.152-b01 mixed mode windows-amd64 compressed oops)
# Problematic frame:
# J 14145 C2 com.android.tools.r8.ir.code.BasicBlockInstructionIterator.next()Ljava/lang/Object; (5 bytes) @ 0x0000000002d92069 [0x0000000002d91fa0+0xc9]
#
# Failed to write core dump. Minidumps are not enabled by default on client versions of Windows
#
# If you would like to submit a bug report, please visit:
#   http://bugreport.java.com/bugreport/crash.jsp
#

---------------  T H R E A D  ---------------

Current thread (0x00000000207c3000):  JavaThread "ForkJoinPool.commonPool-worker-0" daemon [_thread_in_Java, id=5316, stack(0x0000000028a80000,0x0000000028b80000)]

siginfo: ExceptionCode=0xc0000005, reading address 0x0000000000000030

Registers:
RAX=0x00000007c0b0d360, RBX=0x00000007a28b4818, RCX=0x000000000e0b0000, RDX=0x00000007a28b47f8
RSP=0x0000000028b7dbe0, RBP=0x00000000f45027b4, RSI=0x0000000000000278, RDI=0x00000000000721f7
R8 =0x0000000000000000, R9 =0x0000000003d145a4, R10=0x0000000000000000, R11=0x00000007a28b47f8
R12=0x0000000000000000, R13=0x00000007a28b4768, R14=0x0000000000000000, R15=0x00000000207c3000
RIP=0x0000000002d92069, EFLAGS=0x0000000000010202

Top of Stack: (sp=0x0000000028b7dbe0)
0x0000000028b7dbe0:   00000007c0014f60 00000007a28b4768
0x0000000028b7dbf0:   0000000000000020 00000007c0016f60
0x0000000028b7dc00:   00000007c0014f60 0000000005322fee
0x0000000028b7dc10:   0000000028b7e620 00000000053224cc
0x0000000028b7dc20:   0000000028b7e620 00000000053270c4
0x0000000028b7dc30:   00000007a282c8f8 00000007991b1ae0
0x0000000028b7dc40:   0000000798ee5798 00000007a2806fe0
0x0000000028b7dc50:   00000007a28430c0 000000000e0b0000
0x0000000028b7dc60:   00000007a28b4210 00000000052a421c
0x0000000028b7dc70:   00000007a28b3220 000000000e0b0000
0x0000000028b7dc80:   00000007a28b3240 00000007a282a520
0x0000000028b7dc90:   000000000000007f 00000007a281c2e0
0x0000000028b7dca0:   00000007991b15d8 00000007a28b3ef0
0x0000000028b7dcb0:   00000092a28b2cf0 0000009200000092
0x0000000028b7dcc0:   00000007a281d5c0 00000007a28363a8
0x0000000028b7dcd0:   0000000700000092 0000000000000001 

Instructions: (pc=0x0000000002d92069)
0x0000000002d92049:   c2 44 89 53 0c 49 c1 e8 09 46 88 24 01 45 8b 44
0x0000000002d92059:   ec 08 49 ba 00 00 00 00 00 00 00 00 4f 8d 14 c2
0x0000000002d92069:   4d 8b 52 30 49 b8 28 64 aa c0 07 00 00 00 4d 3b
0x0000000002d92079:   d0 75 41 4c 8b d2 49 8d 04 ec 49 c1 ea 09 46 88 


Register to memory mapping:

RAX=0x00000007c0b0d360 is pointing into metadata
RBX=0x00000007a28b4818 is an oop
java.util.LinkedList$ListItr 
 - klass: 'java/util/LinkedList$ListItr'
RCX=0x000000000e0b0000 is an unknown value
RDX=0x00000007a28b47f8 is an oop
com.android.tools.r8.ir.code.BasicBlockInstructionIterator 
 - klass: 'com/android/tools/r8/ir/code/BasicBlockInstructionIterator'
RSP=0x0000000028b7dbe0 is pointing into the stack for thread: 0x00000000207c3000
RBP=0x00000000f45027b4 is an unknown value
RSI=0x0000000000000278 is an unknown value
RDI=0x00000000000721f7 is an unknown value
R8 =0x0000000000000000 is an unknown value
R9 =0x0000000003d145a4 is at entry_point+900 in (nmethod*)0x0000000003d140d0
R10=0x0000000000000000 is an unknown value
R11=0x00000007a28b47f8 is an oop
com.android.tools.r8.ir.code.BasicBlockInstructionIterator 
 - klass: 'com/android/tools/r8/ir/code/BasicBlockInstructionIterator'
R12=0x0000000000000000 is an unknown value
R13=0x00000007a28b4768 is an oop
java.util.ArrayList 
 - klass: 'java/util/ArrayList'
R14=0x0000000000000000 is an unknown value
R15=0x00000000207c3000 is a thread


Stack: [0x0000000028a80000,0x0000000028b80000],  sp=0x0000000028b7dbe0,  free space=1014k
Native frames: (J=compiled Java code, j=interpreted, Vv=VM code, C=native code)
C  0x0000000002d92069


---------------  P R O C E S S  ---------------

Java Threads: ( => current thread )
  0x00000000207c2000 JavaThread "ForkJoinPool.commonPool-worker-3" daemon [_thread_in_Java, id=1656, stack(0x000000001f450000,0x000000001f550000)]
=>0x00000000207c3000 JavaThread "ForkJoinPool.commonPool-worker-0" daemon [_thread_in_Java, id=5316, stack(0x0000000028a80000,0x0000000028b80000)]
  0x0000000022423000 JavaThread "ForkJoinPool.commonPool-worker-1" daemon [_thread_in_Java, id=5216, stack(0x0000000028850000,0x0000000028950000)]
  0x00000000207c8000 JavaThread "stdout" daemon [_thread_in_native, id=4128, stack(0x00000000298b0000,0x00000000299b0000)]
  0x00000000207c7800 JavaThread "stderr" daemon [_thread_in_native, id=5588, stack(0x00000000294c0000,0x00000000295c0000)]
  0x00000000207c6800 JavaThread "stdout" daemon [_thread_in_native, id=5996, stack(0x0000000029740000,0x0000000029840000)]
  0x00000000207c6000 JavaThread "stderr" daemon [_thread_in_native, id=6048, stack(0x00000000295c0000,0x00000000296c0000)]
  0x00000000207c5000 JavaThread "stdout" daemon [_thread_in_native, id=2356, stack(0x0000000029240000,0x0000000029340000)]
  0x00000000207c4800 JavaThread "stderr" daemon [_thread_in_native, id=692, stack(0x0000000029360000,0x0000000029460000)]
  0x00000000207c3800 JavaThread "pool-2-thread-1" [_thread_blocked, id=3388, stack(0x0000000028f20000,0x0000000029020000)]
  0x00000000210a6000 JavaThread "Cache worker for Java compile cache (D:\Android Projects\Sample SmartPen\.gradle\5.1.1\javaCompile)" [_thread_blocked, id=5164, stack(0x0000000028980000,0x0000000028a80000)]
  0x00000000210a5800 JavaThread "Cache worker for Java compile cache (C:\Users\MJRamirez\.gradle\caches\5.1.1\javaCompile)" [_thread_blocked, id=2428, stack(0x0000000027cc0000,0x0000000027dc0000)]
  0x00000000210a2800 JavaThread "Cache worker for execution history cache (D:\Android Projects\Sample SmartPen\.gradle\5.1.1\executionHistory)" [_thread_blocked, id=6000, stack(0x0000000024c50000,0x0000000024d50000)]
  0x00000000210a1800 JavaThread "Execution worker for ':' Thread 3" [_thread_blocked, id=3532, stack(0x0000000026e50000,0x0000000026f50000)]
  0x00000000210a1000 JavaThread "Execution worker for ':' Thread 2" [_thread_blocked, id=4384, stack(0x00000000279a0000,0x0000000027aa0000)]
  0x00000000210a0000 JavaThread "Execution worker for ':'" [_thread_blocked, id=3636, stack(0x0000000027860000,0x0000000027960000)]
  0x000000002109f000 JavaThread "Cache worker for file content cache (D:\Android Projects\Sample SmartPen\.gradle\5.1.1\fileContent)" [_thread_blocked, id=5484, stack(0x00000000274c0000,0x00000000275c0000)]
  0x000000001d3bc000 JavaThread "Cache worker for file content cache (C:\Users\MJRamirez\.gradle\caches\5.1.1\fileContent)" [_thread_blocked, id=832, stack(0x0000000027350000,0x0000000027450000)]
  0x000000001d3bb000 JavaThread "Memory manager" [_thread_blocked, id=5972, stack(0x00000000271b0000,0x00000000272b0000)]
  0x000000001d3b9000 JavaThread "Cache worker for Build Output Cleanup Cache (D:\Android Projects\Sample SmartPen\.gradle\buildOutputCleanup)" [_thread_blocked, id=2352, stack(0x0000000024d60000,0x0000000024e60000)]
  0x000000001d3b8000 JavaThread "pool-1-thread-1" [_thread_blocked, id=3424, stack(0x00000000244d0000,0x00000000245d0000)]
  0x000000001d3b6800 JavaThread "Build operations Thread 4" [_thread_blocked, id=5800, stack(0x0000000024740000,0x0000000024840000)]
  0x000000001d3b6000 JavaThread "Build operations Thread 3" [_thread_blocked, id=5760, stack(0x0000000024600000,0x0000000024700000)]
  0x000000001d3b5000 JavaThread "Build operations Thread 2" [_thread_blocked, id=5752, stack(0x0000000024390000,0x0000000024490000)]
  0x000000001d3b4800 JavaThread "Build operations" [_thread_blocked, id=5260, stack(0x00000000241a0000,0x00000000242a0000)]
  0x000000001d3b3800 JavaThread "Cache worker for execution history cache (C:\Users\MJRamirez\.gradle\caches\5.1.1\executionHistory)" [_thread_blocked, id=2492, stack(0x0000000023c60000,0x0000000023d60000)]
  0x000000001d3b3000 JavaThread "Cache worker for cache directory md-rule (C:\Users\MJRamirez\.gradle\caches\5.1.1\md-rule)" [_thread_blocked, id=2216, stack(0x0000000023b30000,0x0000000023c30000)]
  0x000000001d3b2000 JavaThread "Cache worker for cache directory md-supplier (C:\Users\MJRamirez\.gradle\caches\5.1.1\md-supplier)" [_thread_blocked, id=2632, stack(0x0000000021ef0000,0x0000000021ff0000)]
  0x000000001d3ad800 JavaThread "Cache worker for file hash cache (D:\Android Projects\Sample SmartPen\.gradle\5.1.1\fileHashes)" [_thread_blocked, id=5696, stack(0x0000000023150000,0x0000000023250000)]
  0x000000001d3ad000 JavaThread "Cache worker for journal cache (C:\Users\MJRamirez\.gradle\caches\journal-1)" [_thread_blocked, id=5828, stack(0x000000001f800000,0x000000001f900000)]
  0x000000001cdd7800 JavaThread "File lock request listener" [_thread_in_native, id=2512, stack(0x000000001f280000,0x000000001f380000)]
  0x000000001ca69000 JavaThread "Cache worker for file hash cache (C:\Users\MJRamirez\.gradle\caches\5.1.1\fileHashes)" [_thread_blocked, id=2200, stack(0x000000001e410000,0x000000001e510000)]
  0x000000001d148000 JavaThread "Thread-8" [_thread_blocked, id=1400, stack(0x000000001f600000,0x000000001f700000)]
  0x000000001c5cc000 JavaThread "Asynchronous log dispatcher for DefaultDaemonConnection: socket connection from /127.0.0.1:49385 to /127.0.0.1:49386" [_thread_blocked, id=1184, stack(0x000000001f180000,0x000000001f280000)]
  0x000000001c5b1000 JavaThread "Daemon worker" [_thread_blocked, id=2264, stack(0x000000001e630000,0x000000001e730000)]
  0x000000001c5b0800 JavaThread "Cancel handler" [_thread_blocked, id=5560, stack(0x000000001f040000,0x000000001f140000)]
  0x000000001d08d800 JavaThread "Handler for socket connection from /127.0.0.1:49385 to /127.0.0.1:49386" [_thread_in_native, id=2232, stack(0x000000001eca0000,0x000000001eda0000)]
  0x000000001c61d800 JavaThread "Daemon" [_thread_blocked, id=5856, stack(0x000000001eaa0000,0x000000001eba0000)]
  0x000000001c9d0000 JavaThread "Daemon periodic checks" [_thread_blocked, id=4388, stack(0x000000001e930000,0x000000001ea30000)]
  0x000000001ce3b000 JavaThread "Incoming local TCP Connector on port 49385" [_thread_in_native, id=5568, stack(0x000000001e790000,0x000000001e890000)]
  0x000000001abad800 JavaThread "Service Thread" daemon [_thread_blocked, id=6112, stack(0x000000001b6c0000,0x000000001b7c0000)]
  0x000000001ab77800 JavaThread "C1 CompilerThread2" daemon [_thread_in_vm, id=2836, stack(0x000000001b1f0000,0x000000001b2f0000)]
  0x000000001ab72800 JavaThread "C2 CompilerThread1" daemon [_thread_in_native, id=5832, stack(0x000000001b510000,0x000000001b610000)]
  0x000000001977d000 JavaThread "C2 CompilerThread0" daemon [_thread_in_native, id=6088, stack(0x000000001af70000,0x000000001b070000)]
  0x000000001ab5a000 JavaThread "Attach Listener" daemon [_thread_blocked, id=3216, stack(0x000000001b320000,0x000000001b420000)]
  0x000000001ab59000 JavaThread "Signal Dispatcher" daemon [_thread_blocked, id=2196, stack(0x000000001b0b0000,0x000000001b1b0000)]
  0x0000000019758800 JavaThread "Finalizer" daemon [_thread_blocked, id=5820, stack(0x000000001aa50000,0x000000001ab50000)]
  0x0000000019711800 JavaThread "Reference Handler" daemon [_thread_blocked, id=5168, stack(0x000000001a8a0000,0x000000001a9a0000)]
  0x000000000027e800 JavaThread "main" [_thread_blocked, id=5748, stack(0x00000000023f0000,0x00000000024f0000)]

Other Threads:
  0x0000000019709800 VMThread [stack: 0x000000001a740000,0x000000001a840000] [id=5724]
  0x000000001abaf000 WatcherThread [stack: 0x000000001b930000,0x000000001ba30000] [id=6108]

VM state:not at safepoint (normal execution)

VM Mutex/Monitor currently owned by a thread: None

Heap:
 PSYoungGen      total 867840K, used 599028K [0x0000000780000000, 0x00000007b8880000, 0x00000007c0000000)
  eden space 830976K, 70% used [0x0000000780000000,0x00000007a3e5de68,0x00000007b2b80000)
  from space 36864K, 29% used [0x00000007b6480000,0x00000007b6f1f2c8,0x00000007b8880000)
  to   space 47616K, 0% used [0x00000007b2b80000,0x00000007b2b80000,0x00000007b5a00000)
 ParOldGen       total 215040K, used 111295K [0x0000000700000000, 0x000000070d200000, 0x0000000780000000)
  object space 215040K, 51% used [0x0000000700000000,0x0000000706cafe10,0x000000070d200000)
 Metaspace       used 89800K, capacity 92906K, committed 93568K, reserved 1130496K
  class space    used 11365K, capacity 12013K, committed 12160K, reserved 1048576K

Card table byte_map: [0x00000000118b0000,0x0000000011ec0000] byte_map_base: 0x000000000e0b0000

Marking Bits: (ParMarkBitMap*) 0x000000006fa85aa0
 Begin Bits: [0x0000000012780000, 0x0000000015780000)
 End Bits:   [0x0000000015780000, 0x0000000018780000)

Polling page: 0x0000000000110000

CodeCache: size=245760Kb used=52895Kb max_used=52896Kb free=192864Kb
 bounds [0x00000000024f0000, 0x00000000058e0000, 0x00000000114f0000]
 total_blobs=16312 nmethods=15417 adapters=805
 compilation: enabled

Compilation events (10 events):
Event: 84.574 Thread 0x000000001ab77800 18838       2       com.android.tools.r8.ir.code.BasicBlockInstructionIterator::split (264 bytes)
Event: 84.578 Thread 0x000000001ab77800 nmethod 18838 0x00000000058d28d0 code [0x00000000058d2c00, 0x00000000058d3ad8]
Event: 84.578 Thread 0x000000001ab77800 18839       2       com.android.tools.r8.ir.code.BasicBlock::createSplitBlock (140 bytes)
Event: 84.579 Thread 0x000000001ab77800 nmethod 18839 0x00000000058d4e10 code [0x00000000058d5020, 0x00000000058d5758]
Event: 84.579 Thread 0x000000001ab77800 18840       2       com.android.tools.r8.ir.code.Goto::<init> (10 bytes)
Event: 84.579 Thread 0x000000001ab77800 nmethod 18840 0x00000000055b3650 code [0x00000000055b37c0, 0x00000000055b3968]
Event: 84.626 Thread 0x000000001ab77800 18841       2       com.android.tools.r8.ir.code.BasicBlockIterator::previous (5 bytes)
Event: 84.626 Thread 0x000000001ab77800 nmethod 18841 0x00000000055b3210 code [0x00000000055b3380, 0x00000000055b3568]
Event: 84.626 Thread 0x000000001ab77800 18842       2       com.android.tools.r8.ir.code.BasicBlockIterator::previous (21 bytes)
Event: 84.627 Thread 0x000000001ab77800 nmethod 18842 0x00000000058d5cd0 code [0x00000000058d5e40, 0x00000000058d6028]

GC Heap History (10 events):
Event: 75.748 GC heap before
{Heap before GC invocations=24 (full 4):
 PSYoungGen      total 442368K, used 394596K [0x0000000780000000, 0x00000007a4f80000, 0x00000007c0000000)
  eden space 384000K, 100% used [0x0000000780000000,0x0000000797700000,0x0000000797700000)
  from space 58368K, 18% used [0x0000000797700000,0x0000000798159268,0x000000079b000000)
  to   space 57344K, 0% used [0x00000007a1780000,0x00000007a1780000,0x00000007a4f80000)
 ParOldGen       total 215040K, used 72583K [0x0000000700000000, 0x000000070d200000, 0x0000000780000000)
  object space 215040K, 33% used [0x0000000700000000,0x00000007046e1f70,0x000000070d200000)
 Metaspace       used 89560K, capacity 92680K, committed 93312K, reserved 1130496K
  class space    used 11360K, capacity 12010K, committed 12160K, reserved 1048576K
Event: 75.795 GC heap after
Heap after GC invocations=24 (full 4):
 PSYoungGen      total 548864K, used 14142K [0x0000000780000000, 0x00000007a4e00000, 0x00000007c0000000)
  eden space 493056K, 0% used [0x0000000780000000,0x0000000780000000,0x000000079e180000)
  from space 55808K, 25% used [0x00000007a1780000,0x00000007a254f840,0x00000007a4e00000)
  to   space 55296K, 0% used [0x000000079e180000,0x000000079e180000,0x00000007a1780000)
 ParOldGen       total 215040K, used 80388K [0x0000000700000000, 0x000000070d200000, 0x0000000780000000)
  object space 215040K, 37% used [0x0000000700000000,0x0000000704e81158,0x000000070d200000)
 Metaspace       used 89560K, capacity 92680K, committed 93312K, reserved 1130496K
  class space    used 11360K, capacity 12010K, committed 12160K, reserved 1048576K
}
Event: 77.545 GC heap before
{Heap before GC invocations=25 (full 4):
 PSYoungGen      total 548864K, used 507198K [0x0000000780000000, 0x00000007a4e00000, 0x00000007c0000000)
  eden space 493056K, 100% used [0x0000000780000000,0x000000079e180000,0x000000079e180000)
  from space 55808K, 25% used [0x00000007a1780000,0x00000007a254f840,0x00000007a4e00000)
  to   space 55296K, 0% used [0x000000079e180000,0x000000079e180000,0x00000007a1780000)
 ParOldGen       total 215040K, used 80388K [0x0000000700000000, 0x000000070d200000, 0x0000000780000000)
  object space 215040K, 37% used [0x0000000700000000,0x0000000704e81158,0x000000070d200000)
 Metaspace       used 89625K, capacity 92766K, committed 93312K, reserved 1130496K
  class space    used 11362K, capacity 12013K, committed 12160K, reserved 1048576K
Event: 77.607 GC heap after
Heap after GC invocations=25 (full 4):
 PSYoungGen      total 548352K, used 18122K [0x0000000780000000, 0x00000007ad300000, 0x00000007c0000000)
  eden space 493056K, 0% used [0x0000000780000000,0x0000000780000000,0x000000079e180000)
  from space 55296K, 32% used [0x000000079e180000,0x000000079f3328b8,0x00000007a1780000)
  to   space 52224K, 0% used [0x00000007aa000000,0x00000007aa000000,0x00000007ad300000)
 ParOldGen       total 215040K, used 87830K [0x0000000700000000, 0x000000070d200000, 0x0000000780000000)
  object space 215040K, 40% used [0x0000000700000000,0x00000007055c5ab8,0x000000070d200000)
 Metaspace       used 89625K, capacity 92766K, committed 93312K, reserved 1130496K
  class space    used 11362K, capacity 12013K, committed 12160K, reserved 1048576K
}
Event: 78.949 GC heap before
{Heap before GC invocations=26 (full 4):
 PSYoungGen      total 548352K, used 511178K [0x0000000780000000, 0x00000007ad300000, 0x00000007c0000000)
  eden space 493056K, 100% used [0x0000000780000000,0x000000079e180000,0x000000079e180000)
  from space 55296K, 32% used [0x000000079e180000,0x000000079f3328b8,0x00000007a1780000)
  to   space 52224K, 0% used [0x00000007aa000000,0x00000007aa000000,0x00000007ad300000)
 ParOldGen       total 215040K, used 87830K [0x0000000700000000, 0x000000070d200000, 0x0000000780000000)
  object space 215040K, 40% used [0x0000000700000000,0x00000007055c5ab8,0x000000070d200000)
 Metaspace       used 89642K, capacity 92770K, committed 93312K, reserved 1130496K
  class space    used 11362K, capacity 12013K, committed 12160K, reserved 1048576K
Event: 79.091 GC heap after
Heap after GC invocations=26 (full 4):
 PSYoungGen      total 689152K, used 8742K [0x0000000780000000, 0x00000007ae080000, 0x00000007c0000000)
  eden space 636928K, 0% used [0x0000000780000000,0x0000000780000000,0x00000007a6e00000)
  from space 52224K, 16% used [0x00000007aa000000,0x00000007aa889908,0x00000007ad300000)
  to   space 51200K, 0% used [0x00000007a6e00000,0x00000007a6e00000,0x00000007aa000000)
 ParOldGen       total 215040K, used 102502K [0x0000000700000000, 0x000000070d200000, 0x0000000780000000)
  object space 215040K, 47% used [0x0000000700000000,0x0000000706419b80,0x000000070d200000)
 Metaspace       used 89642K, capacity 92770K, committed 93312K, reserved 1130496K
  class space    used 11362K, capacity 12013K, committed 12160K, reserved 1048576K
}
Event: 81.227 GC heap before
{Heap before GC invocations=27 (full 4):
 PSYoungGen      total 689152K, used 645670K [0x0000000780000000, 0x00000007ae080000, 0x00000007c0000000)
  eden space 636928K, 100% used [0x0000000780000000,0x00000007a6e00000,0x00000007a6e00000)
  from space 52224K, 16% used [0x00000007aa000000,0x00000007aa889908,0x00000007ad300000)
  to   space 51200K, 0% used [0x00000007a6e00000,0x00000007a6e00000,0x00000007aa000000)
 ParOldGen       total 215040K, used 102502K [0x0000000700000000, 0x000000070d200000, 0x0000000780000000)
  object space 215040K, 47% used [0x0000000700000000,0x0000000706419b80,0x000000070d200000)
 Metaspace       used 89700K, capacity 92834K, committed 93312K, reserved 1130496K
  class space    used 11364K, capacity 12013K, committed 12160K, reserved 1048576K
Event: 81.314 GC heap after
Heap after GC invocations=27 (full 4):
 PSYoungGen      total 688128K, used 13082K [0x0000000780000000, 0x00000007b9480000, 0x00000007c0000000)
  eden space 636928K, 0% used [0x0000000780000000,0x0000000780000000,0x00000007a6e00000)
  from space 51200K, 25% used [0x00000007a6e00000,0x00000007a7ac68d8,0x00000007aa000000)
  to   space 49152K, 0% used [0x00000007b6480000,0x00000007b6480000,0x00000007b9480000)
 ParOldGen       total 215040K, used 107635K [0x0000000700000000, 0x000000070d200000, 0x0000000780000000)
  object space 215040K, 50% used [0x0000000700000000,0x000000070691cc08,0x000000070d200000)
 Metaspace       used 89700K, capacity 92834K, committed 93312K, reserved 1130496K
  class space    used 11364K, capacity 12013K, committed 12160K, reserved 1048576K
}
Event: 83.064 GC heap before
{Heap before GC invocations=28 (full 4):
 PSYoungGen      total 688128K, used 650010K [0x0000000780000000, 0x00000007b9480000, 0x00000007c0000000)
  eden space 636928K, 100% used [0x0000000780000000,0x00000007a6e00000,0x00000007a6e00000)
  from space 51200K, 25% used [0x00000007a6e00000,0x00000007a7ac68d8,0x00000007aa000000)
  to   space 49152K, 0% used [0x00000007b6480000,0x00000007b6480000,0x00000007b9480000)
 ParOldGen       total 215040K, used 107635K [0x0000000700000000, 0x000000070d200000, 0x0000000780000000)
  object space 215040K, 50% used [0x0000000700000000,0x000000070691cc08,0x000000070d200000)
 Metaspace       used 89739K, capacity 92842K, committed 93312K, reserved 1130496K
  class space    used 11364K, capacity 12013K, committed 12160K, reserved 1048576K
Event: 83.084 GC heap after
Heap after GC invocations=28 (full 4):
 PSYoungGen      total 867840K, used 10876K [0x0000000780000000, 0x00000007b8880000, 0x00000007c0000000)
  eden space 830976K, 0% used [0x0000000780000000,0x0000000780000000,0x00000007b2b80000)
  from space 36864K, 29% used [0x00000007b6480000,0x00000007b6f1f2c8,0x00000007b8880000)
  to   space 47616K, 0% used [0x00000007b2b80000,0x00000007b2b80000,0x00000007b5a00000)
 ParOldGen       total 215040K, used 111295K [0x0000000700000000, 0x000000070d200000, 0x0000000780000000)
  object space 215040K, 51% used [0x0000000700000000,0x0000000706cafe10,0x000000070d200000)
 Metaspace       used 89739K, capacity 92842K, committed 93312K, reserved 1130496K
  class space    used 11364K, capacity 12013K, committed 12160K, reserved 1048576K
}

Deoptimization events (10 events):
Event: 84.239 Thread 0x0000000022423000 Uncommon trap: reason=array_check action=maybe_recompile pc=0x00000000055ba430 method=java.util.TimSort.mergeLo(IIII)V @ 81
Event: 84.239 Thread 0x0000000022423000 Uncommon trap: reason=array_check action=maybe_recompile pc=0x00000000055ba430 method=java.util.TimSort.mergeLo(IIII)V @ 81
Event: 84.239 Thread 0x0000000022423000 Uncommon trap: reason=array_check action=maybe_recompile pc=0x00000000055ba430 method=java.util.TimSort.mergeLo(IIII)V @ 81
Event: 84.280 Thread 0x0000000022423000 Uncommon trap: reason=unstable_if action=reinterpret pc=0x0000000004720008 method=com.android.tools.r8.org.objectweb.asm.ClassReader.readUTF(II[C)Ljava/lang/String; @ 41
Event: 84.280 Thread 0x0000000022423000 Uncommon trap: reason=unstable_if action=reinterpret pc=0x00000000042244a8 method=com.android.tools.r8.graph.DexString.countBytes(Ljava/lang/String;)I @ 25
Event: 84.286 Thread 0x0000000022423000 Uncommon trap: reason=unstable_if action=reinterpret pc=0x00000000042b8a1c method=com.android.tools.r8.org.objectweb.asm.ClassReader.readUTF(II[C)Ljava/lang/String; @ 41
Event: 84.287 Thread 0x0000000022423000 Uncommon trap: reason=unstable_if action=reinterpret pc=0x00000000044687f8 method=com.android.tools.r8.graph.DexString.countBytes(Ljava/lang/String;)I @ 25
Event: 84.287 Thread 0x0000000022423000 Uncommon trap: reason=unstable_if action=reinterpret pc=0x000000000260c668 method=com.android.tools.r8.graph.DexString.countBytes(Ljava/lang/String;)I @ 25
Event: 84.300 Thread 0x00000000207c3000 Uncommon trap: reason=unstable_if action=reinterpret pc=0x0000000005733460 method=com.android.tools.r8.ir.optimize.PeepholeOptimizer.shareIdenticalBlockSuffix(Lcom/android/tools/r8/ir/code/IRCode;Lcom/android/tools/r8/ir/regalloc/RegisterAllocator;I)V @ 5
Event: 84.544 Thread 0x0000000022423000 Uncommon trap: reason=unstable_if action=reinterpret pc=0x0000000002afff40 method=com.android.tools.r8.graph.DexString.decode()Ljava/lang/String; @ 53

Classes redefined (0 events):
No events

Internal exceptions (10 events):
Event: 66.934 Thread 0x000000001c5b1000 Exception <a 'sun/nio/fs/WindowsException'> (0x0000000780372dd0) thrown at [D:\src\AOSP-openjdk-cygwin\jdk8u\hotspot\src\share\vm\prims\jni.cpp, line 709]
Event: 66.939 Thread 0x000000001c5b1000 Exception <a 'sun/nio/fs/WindowsException'> (0x00000007803b9bb0) thrown at [D:\src\AOSP-openjdk-cygwin\jdk8u\hotspot\src\share\vm\prims\jni.cpp, line 709]
Event: 66.939 Thread 0x000000001c5b1000 Exception <a 'sun/nio/fs/WindowsException'> (0x0000000780497248) thrown at [D:\src\AOSP-openjdk-cygwin\jdk8u\hotspot\src\share\vm\prims\jni.cpp, line 709]
Event: 66.939 Thread 0x000000001c5b1000 Exception <a 'sun/nio/fs/WindowsException'> (0x00000007804998c8) thrown at [D:\src\AOSP-openjdk-cygwin\jdk8u\hotspot\src\share\vm\prims\jni.cpp, line 709]
Event: 66.945 Thread 0x000000001c5b1000 Exception <a 'sun/nio/fs/WindowsException'> (0x0000000780515278) thrown at [D:\src\AOSP-openjdk-cygwin\jdk8u\hotspot\src\share\vm\prims\jni.cpp, line 709]
Event: 66.946 Thread 0x000000001c5b1000 Exception <a 'sun/nio/fs/WindowsException'> (0x0000000780516088) thrown at [D:\src\AOSP-openjdk-cygwin\jdk8u\hotspot\src\share\vm\prims\jni.cpp, line 709]
Event: 66.946 Thread 0x000000001c5b1000 Exception <a 'sun/nio/fs/WindowsException'> (0x0000000780518708) thrown at [D:\src\AOSP-openjdk-cygwin\jdk8u\hotspot\src\share\vm\prims\jni.cpp, line 709]
Event: 70.850 Thread 0x00000000207c3000 Implicit null exception at 0x00000000051895f1 to 0x000000000518affd
Event: 71.254 Thread 0x0000000022423000 Implicit null exception at 0x000000000361c78a to 0x000000000361c825
Event: 84.756 Thread 0x00000000207c3000 Implicit null exception at 0x0000000002d92069 to 0x0000000000000000

Events (10 events):
Event: 84.555 Thread 0x0000000022423000 DEOPT PACKING pc=0x0000000004d56535 sp=0x000000002894e070
Event: 84.555 Thread 0x0000000022423000 DEOPT UNPACKING pc=0x00000000025371d0 sp=0x000000002894dea0 mode 0
Event: 84.567 Thread 0x00000000207c3000 DEOPT PACKING pc=0x00000000058d02ca sp=0x0000000028b7c660
Event: 84.567 Thread 0x00000000207c3000 DEOPT UNPACKING pc=0x00000000025371d0 sp=0x0000000028b7c388 mode 0
Event: 84.597 Thread 0x00000000207c3000 DEOPT PACKING pc=0x0000000004d565ab sp=0x0000000028b7d830
Event: 84.597 Thread 0x00000000207c3000 DEOPT UNPACKING pc=0x00000000025371d0 sp=0x0000000028b7d660 mode 0
Event: 84.653 Thread 0x00000000207c3000 DEOPT PACKING pc=0x0000000004154e6e sp=0x0000000028b7d730
Event: 84.654 Thread 0x00000000207c3000 DEOPT UNPACKING pc=0x00000000025371d0 sp=0x0000000028b7d528 mode 0
Event: 84.663 Thread 0x00000000207c3000 DEOPT PACKING pc=0x0000000004d56535 sp=0x0000000028b7d8c0
Event: 84.663 Thread 0x00000000207c3000 DEOPT UNPACKING pc=0x00000000025371d0 sp=0x0000000028b7d6f0 mode 0


Dynamic libraries:
0x000000013fa20000 - 0x000000013fa51000 	C:\Program Files\Android\Android Studio\jre\bin\java.exe
0x0000000077590000 - 0x000000007772f000 	C:\Windows\SYSTEM32\ntdll.dll
0x0000000077470000 - 0x000000007758f000 	C:\Windows\system32\kernel32.dll
0x000007fefd560000 - 0x000007fefd5ca000 	C:\Windows\system32\KERNELBASE.dll
0x000007fefde70000 - 0x000007fefdf4b000 	C:\Windows\system32\ADVAPI32.dll
0x000007fefddd0000 - 0x000007fefde6f000 	C:\Windows\system32\msvcrt.dll
0x000007feff1c0000 - 0x000007feff1df000 	C:\Windows\SYSTEM32\sechost.dll
0x000007fefd670000 - 0x000007fefd79d000 	C:\Windows\system32\RPCRT4.dll
0x0000000077370000 - 0x000000007746a000 	C:\Windows\system32\USER32.dll
0x000007fefdab0000 - 0x000007fefdb17000 	C:\Windows\system32\GDI32.dll
0x000007fefdd20000 - 0x000007fefdd2e000 	C:\Windows\system32\LPK.dll
0x000007fefdc30000 - 0x000007fefdcfb000 	C:\Windows\system32\USP10.dll
0x000007fefcdf0000 - 0x000007fefcfe4000 	C:\Windows\WinSxS\amd64_microsoft.windows.common-controls_6595b64144ccf1df_6.0.7601.18837_none_fa3b1e3d17594757\COMCTL32.dll
0x000007fefece0000 - 0x000007fefed51000 	C:\Windows\system32\SHLWAPI.dll
0x000007fefdb20000 - 0x000007fefdb4e000 	C:\Windows\system32\IMM32.DLL
0x000007fefd9a0000 - 0x000007fefdaa9000 	C:\Windows\system32\MSCTF.dll
0x0000000072650000 - 0x0000000072722000 	C:\Program Files\Android\Android Studio\jre\jre\bin\msvcr100.dll
0x000000006f2c0000 - 0x000000006fb01000 	C:\Program Files\Android\Android Studio\jre\jre\bin\server\jvm.dll
0x000007fef9ce0000 - 0x000007fef9ce9000 	C:\Windows\system32\WSOCK32.dll
0x000007fefd620000 - 0x000007fefd66d000 	C:\Windows\system32\WS2_32.dll
0x000007feff610000 - 0x000007feff618000 	C:\Windows\system32\NSI.dll
0x000007fefb170000 - 0x000007fefb1ab000 	C:\Windows\system32\WINMM.dll
0x000007fefc040000 - 0x000007fefc04c000 	C:\Windows\system32\VERSION.dll
0x0000000077740000 - 0x0000000077747000 	C:\Windows\system32\PSAPI.DLL
0x000007fef16f0000 - 0x000007fef16ff000 	C:\Program Files\Android\Android Studio\jre\jre\bin\verify.dll
0x000007feeef80000 - 0x000007feeefa9000 	C:\Program Files\Android\Android Studio\jre\jre\bin\java.dll
0x000007feeefc0000 - 0x000007feeefd6000 	C:\Program Files\Android\Android Studio\jre\jre\bin\zip.dll
0x000007fefdf50000 - 0x000007fefecdb000 	C:\Windows\system32\SHELL32.dll
0x000007fefd7a0000 - 0x000007fefd99d000 	C:\Windows\system32\ole32.dll
0x000007fefd260000 - 0x000007fefd26f000 	C:\Windows\system32\profapi.dll
0x000007feeee70000 - 0x000007feeee8a000 	C:\Program Files\Android\Android Studio\jre\jre\bin\net.dll
0x000007fefc750000 - 0x000007fefc7a5000 	C:\Windows\system32\mswsock.dll
0x000007fefc740000 - 0x000007fefc747000 	C:\Windows\System32\wship6.dll
0x000007feeee50000 - 0x000007feeee61000 	C:\Program Files\Android\Android Studio\jre\jre\bin\nio.dll
0x000007feef620000 - 0x000007feef63e000 	C:\Users\MJRamirez\.gradle\native\25\windows-amd64\native-platform.dll
0x000007fef3600000 - 0x000007fef360d000 	C:\Program Files\Android\Android Studio\jre\jre\bin\management.dll
0x000007fefc7b0000 - 0x000007fefc7c8000 	C:\Windows\system32\CRYPTSP.dll
0x000007fefc4b0000 - 0x000007fefc4f7000 	C:\Windows\system32\rsaenh.dll
0x000007fefd280000 - 0x000007fefd29e000 	C:\Windows\system32\USERENV.dll
0x000007fefd100000 - 0x000007fefd10f000 	C:\Windows\system32\CRYPTBASE.dll
0x000007fefacd0000 - 0x000007fefacf7000 	C:\Windows\system32\IPHLPAPI.DLL
0x000007fefacc0000 - 0x000007fefaccb000 	C:\Windows\system32\WINNSI.DLL
0x000007fefa560000 - 0x000007fefa571000 	C:\Windows\system32\dhcpcsvc6.DLL
0x000007fefa4e0000 - 0x000007fefa4f8000 	C:\Windows\system32\dhcpcsvc.DLL
0x000007fee3140000 - 0x000007fee3164000 	C:\Program Files\Android\Android Studio\jre\jre\bin\sunec.dll
0x000007fefc130000 - 0x000007fefc137000 	C:\Windows\System32\wshtcpip.dll
0x000007fefc5d0000 - 0x000007fefc62b000 	C:\Windows\system32\DNSAPI.dll
0x000007fef4290000 - 0x000007fef4298000 	C:\Windows\system32\rasadhlp.dll
0x000007fefab80000 - 0x000007fefabd3000 	C:\Windows\System32\fwpuclnt.dll
0x000007fee36f0000 - 0x000007fee36fb000 	C:\Program Files\Android\Android Studio\jre\jre\bin\sunmscapi.dll
0x000007fefd2d0000 - 0x000007fefd43d000 	C:\Windows\system32\CRYPT32.dll
0x000007fefd270000 - 0x000007fefd27f000 	C:\Windows\system32\MSASN1.dll
0x000007fefd0a0000 - 0x000007fefd0f7000 	C:\Windows\system32\apphelp.dll
0x000007fef2250000 - 0x000007fef2375000 	C:\Windows\system32\dbghelp.dll

VM Arguments:
jvm_args: -Xmx3072M -Dfile.encoding=x-windows-949 -Duser.country=US -Duser.language=en -Duser.variant 
java_command: org.gradle.launcher.daemon.bootstrap.GradleDaemon 5.1.1
java_class_path (initial): C:\Users\MJRamirez\.gradle\wrapper\dists\gradle-5.1.1-all\97z1ksx6lirer3kbvdnh7jtjg\gradle-5.1.1\lib\gradle-launcher-5.1.1.jar
Launcher Type: SUN_STANDARD

Environment Variables:
PATH=D:\Embarcadero\Studio\19.0\bin;C:\Users\Public\Documents\Embarcadero\Studio\19.0\Bpl;D:\Embarcadero\Studio\19.0\bin64;C:\Users\Public\Documents\Embarcadero\Studio\19.0\Bpl\Win64;C:\ProgramData\Oracle\Java\javapath;C:\Windows\system32;C:\Windows;C:\Windows\System32\Wbem;C:\Windows\System32\WindowsPowerShell\v1.0\;C:\Program Files\TortoiseSVN\bin;C:\Program Files\Java\jdk1.8.0_161;C:\Users\MJRamirez\android-sdks\platform-tools;C:\xampp\php;C:\Users\MJRamirez\AppData\Local\Android\Sdk\platform-tools;C:\Program Files\Git\cmd;C:\Users\MJRamirez\AppData\Local\GitHubDesktop\bin
USERNAME=MJRamirez
OS=Windows_NT
PROCESSOR_IDENTIFIER=Intel64 Family 6 Model 30 Stepping 5, GenuineIntel



---------------  S Y S T E M  ---------------

OS: Windows 7 , 64 bit Build 7601 (6.1.7601.24117)

CPU:total 4 (initial active 4) (4 cores per cpu, 1 threads per core) family 6 model 30 stepping 5, cmov, cx8, fxsr, mmx, sse, sse2, sse3, ssse3, sse4.1, sse4.2, popcnt, tsc, tscinvbit

Memory: 4k page, physical 8386616k(3481860k free), swap 16771356k(11053044k free)

vm_info: OpenJDK 64-Bit Server VM (25.152-b01) for windows-amd64 JRE (1.8.0_152-release-1343-b01), built by "builder" with MS VC++ 10.0 (VS2010)

time: Wed Jul 17 10:50:28 2019
elapsed time: 84 seconds (0d 0h 1m 24s)

